=== 2025-05-11T10:07:09.657424 ===
Archivo: _index.md
Línea 473:
- 228. Literalmente «a los vecinos», _hoi pélas_, expresión con la que normalmente se hace referencia a otros pueblos en general, no precisamente a Estados con territorios limítrofes. Esta identificación de «los otros» con «los vecinos» refleja probablemente el limitado horizonte de las _poleis_ griegas de la época arcaica. 229. Retraimiento, inactividad o política de neutralidad o de no intervención (apragmosýnē), fruto de la prudencia (sōfrosýnē) de que ha hablado antes. La política de neutralidad era objeto con frecuencia de juicios negativos (cf. infra, VI 80, 1-2; HERÓDOTO, VIII 73, 3).
+ 228. Literalmente «a los vecinos», _hoi pélas_, expresión con la que normalmente se hace referencia a otros pueblos en general, no precisamente a Estados con territorios limítrofes. Esta identificación de «los otros» con «los vecinos» refleja probablemente el limitado horizonte de las _poleis_ griegas de la época arcaica. 229. Retraimiento, inactividad o política de neutralidad o de no intervención (apragmosýnē), fruto de la prudencia (sōfrosýnē) de que ha hablado antes. La política de neutralidad era objeto con frecuencia de juicios negativos (cf. *infra*, VI 80, 1-2; HERÓDOTO, VIII 73, 3).

Línea 482:
- 247. Cf. supra, 1 32, 4.
+ 247. Cf. *supra*, 1 32, 4.

Línea 484:
- 249. Cf. supra, 1 32, 5, n. 229.
+ 249. Cf. *supra*, 1 32, 5, n. 229.

Línea 485:
- 250. Cf. infra, 1 77, 1, n. 435.
+ 250. Cf. *infra*, 1 77, 1, n. 435.


=== 2025-05-11T10:14:11.667349 ===
Archivo: _index.md
Línea 493:
- 264. Cf. supra, I 40, 5.
+ 264. Cf. *supra*, I 40, 5.

Línea 495:
- 266. Cf. supra, I 27, 2.
+ 266. Cf. *supra*, I 27, 2.

Línea 496:
- 267. Cf. supra, I 36, 2, n. 245. Era éste un argumento de gran peso.
+ 267. Cf. *supra*, I 36, 2, n. 245. Era éste un argumento de gran peso.


=== 2025-05-11T23:41:20.028076 ===
Archivo: _index.md
Línea 484:
- 229. Retraimiento, inactividad o política de neutralidad o de no intervención (_apragmosýnē_), fruto de la prudencia (sōfrosýnē) de que ha hablado antes. La política de neutralidad era objeto con frecuencia de juicios negativos (cf. infra, VI 80, 1-2; HERÓDOTO, VIII 73, 3).
+ 229. Retraimiento, inactividad o política de neutralidad o de no intervención (_apragmosýnē_), fruto de la prudencia (sōfrosýnē) de que ha hablado antes. La política de neutralidad era objeto con frecuencia de juicios negativos (cf. *infra*, VI 80, 1-2; HERÓDOTO, VIII 73, 3).

Línea 485:
- 230. La gratitud de Corcira no resultó muy efectiva durante la guerra, si bien es cierto que las revueltas del 427 y 425 la debilitaron de forma considerable. En el 431 enviaron cincuenta naves en apoyo de la flota ateniense que atacaba las costas peloponesias (ef, infra, 1l 21, 1); en el 426 participaron en las operaciones contra Léucade (cf. infra, III 94, L), pero enseguida se retiraron (Il 95, 2); finalmente, Corcira sirvió de base para la expedición contra Sicilia (cf. infra, VI 30, 1; 42, 1-3).
+ 230. La gratitud de Corcira no resultó muy efectiva durante la guerra, si bien es cierto que las revueltas del 427 y 425 la debilitaron de forma considerable. En el 431 enviaron cincuenta naves en apoyo de la flota ateniense que atacaba las costas peloponesias (ef, *infra*, 1l 21, 1); en el 426 participaron en las operaciones contra Léucade (cf. *infra*, III 94, L), pero enseguida se retiraron (Il 95, 2); finalmente, Corcira sirvió de base para la expedición contra Sicilia (cf. *infra*, VI 30, 1; 42, 1-3).

Línea 490:
- flota de Grecia. Cf. supra, 1 25, 4.
+ flota de Grecia. Cf. *supra*, 1 25, 4.

Línea 491:
- 232. _Aretḗ_ con el valor de _aretês dóxa_, fama de virtud, la buena reputación surgida de la magnanimidad hacia otros pueblos, en este caso hacia los corcireos. Cf. infra, 1 69; Ill 56, 7.
+ 232. _Aretḗ_ con el valor de _aretês dóxa_, fama de virtud, la buena reputación surgida de la magnanimidad hacia otros pueblos, en este caso hacia los corcireos. Cf. *infra*, 1 69; Ill 56, 7.

Línea 492:
- 233. Dado que la guerra es inevitable, a Atenas le interesa la amistad de Corcira, por su magnífica situación y por su flota. Cf. infra, 1 36, 1-3.
+ 233. Dado que la guerra es inevitable, a Atenas le interesa la amistad de Corcira, por su magnífica situación y por su flota. Cf. *infra*, 1 36, 1-3.

Línea 493:
- 234. Aquí los embajadores corcireos indican la verdadera causa de la guerra tal como la veía Tucídides (cf. supra, | 23, 6, n. 167). Posiblemente exageran en su afirmación de que los lacedemonios la deseaban, pero aciertan en la causa esencial: el miedo de Esparta, al que se sumó la intervención de Corinto.
+ 234. Aquí los embajadores corcireos indican la verdadera causa de la guerra tal como la veía Tucídides (cf. *supra*, | 23, 6, n. 167). Posiblemente exageran en su afirmación de que los lacedemonios la deseaban, pero aciertan en la causa esencial: el miedo de Esparta, al que se sumó la intervención de Corinto.

Línea 496:
- 237. Cf. supra, 28, 2.
+ 237. Cf. *supra*, 28, 2.

Línea 497:
- 238. El tratado del 446-445 a. C. (Cf. supra, n. 165, e infra, 1 115, 1). A esta invocación del tratado por parte de los corcireos replican luego los corintios (cf. infra, 1 40, 2).
+ 238. El tratado del 446-445 a. C. (Cf. *supra*, n. 165, e *infra*, 1 115, 1). A esta invocación del tratado por parte de los corcireos replican luego los corintios (cf. *infra*, 1 40, 2).

Línea 498:
- 239. Los miembros de la Confederación ático-delia (salvo Quios y Lesbos) sometidos a Atenas. Cf. supra, I 19, e infra, I 124, 3. La alianza estaba al alcance de los corcireos, según el artículo invocado en 35, 2.
+ 239. Los miembros de la Confederación ático-delia (salvo Quios y Lesbos) sometidos a Atenas. Cf. *supra*, I 19, e *infra*, I 124, 3. La alianza estaba al alcance de los corcireos, según el artículo invocado en 35, 2.

Línea 499:
- 240. Cf. supra, 33, 1.
+ 240. Cf. *supra*, 33, 1.

Línea 502:
- 243. Cf. supra, 1 35, 1, n. 238. En este pasaje se apunta más a lo práctico que al punto de vista jurídico, al que se ha referido I 35.
+ 243. Cf. *supra*, 1 35, 1, n. 238. En este pasaje se apunta más a lo práctico que al punto de vista jurídico, al que se ha referido I 35.

Línea 503:
- 244. Cf. supra, 1 33, 3.
+ 244. Cf. *supra*, 1 33, 3.

Línea 504:
- 245. No se efectuaba la travesía directa por alta mar, sino que lo habitual era seguir la ruta de cabotaje (_paráplous_): desde el noroeste de Grecia, el Epiro y Corcira, se pasaba -atravesando el Adriático por su parte más estrecha, el canal de Otranto, a 40° de latitud norte al sur de Italia y se seguía costeando hasta Regio para pasar luego a Sicilia. (Cf. infra, VI 30; 42-44).
+ 245. No se efectuaba la travesía directa por alta mar, sino que lo habitual era seguir la ruta de cabotaje (_paráplous_): desde el noroeste de Grecia, el Epiro y Corcira, se pasaba -atravesando el Adriático por su parte más estrecha, el canal de Otranto, a 40° de latitud norte al sur de Italia y se seguía costeando hasta Regio para pasar luego a Sicilia. (Cf. *infra*, VI 30; 42-44).

Línea 505:
- 246. Cf. infra, II 7, 2. Esparta confiaba en esta ayuda.
+ 246. Cf. *infra*, II 7, 2. Esparta confiaba en esta ayuda.


