=== 2025-05-13T19:17:56.814141 ===
Archivo: _index.md
Línea 660:
- 325. Filipo tenía su reino (_arkhḗ_) en Macedonia oriental (cf. infra,
+ 325. Filipo tenía su reino (_arkhḗ_) en Macedonia oriental (cf. *infra*,

Línea 662:
- 326. Primo de Perdicas y de Filipo y rey de Elimia, un territorio semiindependiente de Macedonia meridional (cf. infra, Il 99, 2).
+ 326. Primo de Perdicas y de Filipo y rey de Elimia, un territorio semiindependiente de Macedonia meridional (cf. *infra*, Il 99, 2).

Línea 663:
- 327. Con el nombre de «calcideos» Tucídides se refiere a Olinto (ciudad situada a unos 11 Km. al noroeste de Potidea) y a los pueblos vecinos, que debieron de formar (cf. infra, I 58, 2) un Estado o una Confederación con Olinto como capital. De todas formas, sus características en esta época no son claras. (Cf. A. W. GOMME, op. cit. I, págs. 203- 208.) Su nombre se debe a Calcis de Eubea, que había colonizado gran parte de Calcídica.
+ 327. Con el nombre de «calcideos» Tucídides se refiere a Olinto (ciudad situada a unos 11 Km. al noroeste de Potidea) y a los pueblos vecinos, que debieron de formar (cf. *infra*, I 58, 2) un Estado o una Confederación con Olinto como capital. De todas formas, sus características en esta época no son claras. (Cf. A. W. GOMME, op. cit. I, págs. 203- 208.) Su nombre se debe a Calcis de Eubea, que había colonizado gran parte de Calcídica.

Línea 664:
- 328. Estado federal, cuyos límites no son bien conocidos, al oeste de los calcideos. Su ciudad más importante era Espartolo, cuyo emplaza- miento no es conocido con seguridad. Era un pueblo originario de la Botia, al oeste del golfo Termaico (cf. infra, Il 99, 3) y debía de tener una organización política semejante a la de los calcideos. Una inscripción relativa a un tratado con Atenas nos indica que tenían una asamblea (_boulḗ_) común, unos jefes militares comunes y magistrados en cada ciu- dad (cf. M. N. TOD, _A selection of Greek historical inscriptions_, Oxford, 1948, I 68).
+ 328. Estado federal, cuyos límites no son bien conocidos, al oeste de los calcideos. Su ciudad más importante era Espartolo, cuyo emplaza- miento no es conocido con seguridad. Era un pueblo originario de la Botia, al oeste del golfo Termaico (cf. *infra*, Il 99, 3) y debía de tener una organización política semejante a la de los calcideos. Una inscripción relativa a un tratado con Atenas nos indica que tenían una asamblea (_boulḗ_) común, unos jefes militares comunes y magistrados en cada ciu- dad (cf. M. N. TOD, _A selection of Greek historical inscriptions_, Oxford, 1948, I 68).


=== 2025-05-13T20:14:01.960616 ===
Archivo: _index.md
Línea 710:
- 369. Era una práctica normal en los asedios que los sitiadores levan- taran una fortificación frente a la ciudad asediada para bloquearla y para protegerse contra posibles salidas de las tropas sitiadas; incluso podía ser doble si se pensaba en la posibilidad de que la ciudad asediada recibiera ayudas del exterior. Cf. infra, II 78, 1-2.
+ 369. Era una práctica normal en los asedios que los sitiadores levan- taran una fortificación frente a la ciudad asediada para bloquearla y para protegerse contra posibles salidas de las tropas sitiadas; incluso podía ser doble si se pensaba en la posibilidad de que la ciudad asediada recibiera ayudas del exterior. Cf. *infra*, II 78, 1-2.

Línea 711:
- 370. Cf. supra, 1 56, 2; 57, 6: Potidea era una ciudad perfectamente fortificada, razón por la que los atenienses habían ordenado la demoli- ción de su muralla por la parte sur. Aquí el _ateíchiston_ se refiere a la fortificación de los sitiadores, que no completaban el bloqueo por miedo a dividir sus fuerzas; luego lo hará Formión.
+ 370. Cf. *supra*, 1 56, 2; 57, 6: Potidea era una ciudad perfectamente fortificada, razón por la que los atenienses habían ordenado la demoli- ción de su muralla por la parte sur. Aquí el _ateíchiston_ se refiere a la fortificación de los sitiadores, que no completaban el bloqueo por miedo a dividir sus fuerzas; luego lo hará Formión.

Línea 712:
- 371. Ilustre personaje ateniense de gran talento como militar y marino. Había sido uno de los estrategos que participaron en el asedio de Samos del 440-439 a. C. (cf, supra, 1 117, 2). En el libro II veremos que su intervención será importante: expedición de Acarnania (cf. infra, II 68, 7-8); victorias navales de Patras y Naupacto (cf. infra, Il 83, 1-84, S; 90, 1-92, б).
+ 371. Ilustre personaje ateniense de gran talento como militar y marino. Había sido uno de los estrategos que participaron en el asedio de Samos del 440-439 a. C. (cf, *supra*, 1 117, 2). En el libro II veremos que su intervención será importante: expedición de Acarnania (cf. *infra*, II 68, 7-8); victorias navales de Patras y Naupacto (cf. *infra*, Il 83, 1-84, S; 90, 1-92, б).

Línea 714:
- 373. El mantenimiento de un asedio ante una ciudad bien fortificada era una empresa difícil que suponía un importante esfuerzo económico para los sitiadores. En la ciudad asediada, un número no muy elevado de defensores era suficiente (cf. infra, II 6, 4; 78, 3-4); una población excesiva dificultaba la resistencia y muchas veces los asedios terminaban por hambre, como ocurrió luego en este caso de Potidea (cf. infra, II 70).
+ 373. El mantenimiento de un asedio ante una ciudad bien fortificada era una empresa difícil que suponía un importante esfuerzo económico para los sitiadores. En la ciudad asediada, un número no muy elevado de defensores era suficiente (cf. *infra*, II 6, 4; 78, 3-4); una población excesiva dificultaba la resistencia y muchas veces los asedios terminaban por hambre, como ocurrió luego en este caso de Potidea (cf. *infra*, II 70).

Línea 715:
- 374. Sermilia, cuyo nombre pervive en la actual Ormilia, ha sido iden- tificada con un antiguo emplazamiento situado en una colina en la orilla occidental del río Miliada, cerca de la costa, sobre el Golfo de Torone (actualmente de Casandra) a medio camino entre Palene y Sitonia, a unos 12 km al sudeste de Meciberna, entre ésta y Galepso (cf, HERÓDOTO, VII 122). Formaba parte del Estado calcideo (cf. supra, 1 57, 5, n. 327). Es probable que el partido favorable a Atenas dominara en la ciudad, lo que explicaría el ataque de Aristeo. Seguramente debió de existir un enfrentamiento interno respecto a la participación en la revuelta, ya que Sermila no aparece en las listas de tributos del 432-431 (cf. B. D. MERRIT, H. T. WADE-GERY, M. F. McGREGOR, op. cit. I 400), prueba de que inidalmente debió de participar en la sublevación, si no hay otra razón para su ausencia en la lista de pagadores. Luego el partido filoateniense debió de imponer de nuevo una posición favorable a Atenas.
+ 374. Sermilia, cuyo nombre pervive en la actual Ormilia, ha sido iden- tificada con un antiguo emplazamiento situado en una colina en la orilla occidental del río Miliada, cerca de la costa, sobre el Golfo de Torone (actualmente de Casandra) a medio camino entre Palene y Sitonia, a unos 12 km al sudeste de Meciberna, entre ésta y Galepso (cf, HERÓDOTO, VII 122). Formaba parte del Estado calcideo (cf. *supra*, 1 57, 5, n. 327). Es probable que el partido favorable a Atenas dominara en la ciudad, lo que explicaría el ataque de Aristeo. Seguramente debió de existir un enfrentamiento interno respecto a la participación en la revuelta, ya que Sermila no aparece en las listas de tributos del 432-431 (cf. B. D. MERRIT, H. T. WADE-GERY, M. F. McGREGOR, op. cit. I 400), prueba de que inidalmente debió de participar en la sublevación, si no hay otra razón para su ausencia en la lista de pagadores. Luego el partido filoateniense debió de imponer de nuevo una posición favorable a Atenas.

Línea 717:
- 376. Se refiere al territorio del estado o confederación de los calcideos (cf. supra, I 57, 5, n. 327; 58, 2, n. 337) que tenía su centro en Olinto, no a toda la península. 
+ 376. Se refiere al territorio del estado o confederación de los calcideos (cf. *supra*, I 57, 5, n. 327; 58, 2, n. 337) que tenía su centro en Olinto, no a toda la península. 

Línea 718:
- 377. Cf. supra, 1 57, 5, n. 328.
+ 377. Cf. *supra*, 1 57, 5, n. 328.

Línea 719:
- 378. Para el fin del asedio de Potidea, iniciado en los capítulos anteriores, cf.· infra, II 58 y 70.
+ 378. Para el fin del asedio de Potidea, iniciado en los capítulos anteriores, cf.· *infra*, II 58 y 70.

Línea 720:
- 379. Algunos interpretan que _idíāi_ se refiere a que los corintios actuaron separadamente, sin el acuerdo oficial de los aliados de la Liga del Peloponeso. Otros (cf. A. W. GOMME, _op. cit._ I, págs. 224-225), en cambio, interpretan «privadamente, no oficialmente, no _dēmosíāi_». Es decir, Corinto todavía no estaría en guerra oficialmente con Atenas (en una situación similar a la de después de la batalla de Síbota; cf. supra, I 53, 1). Si las tropas corintias hubieran sido enviadas oficialmente por la ciudad para ayudar a sus aliados calcideos, esto hubiera significado ciertamente la guerra, al menos entre Atenas y Corinto. El principal argumento en favor de esta interpretación es que las tropas de Aristeo eran «voluntarios del mismo Corinto y mercenarios del resto del Peloponeso» (cf. supra, I 60, 1). Se trataría, pues, de «voluntarios», sin que la intervención de Corinto fuera «oficial». A eso se pone la objeción de algunas frases de 1 60, 1-2 (los corintios envían la expedición y ponen al frente a un corintio prestigioso), que se interpretan como signo de un carácter oficial. 
+ 379. Algunos interpretan que _idíāi_ se refiere a que los corintios actuaron separadamente, sin el acuerdo oficial de los aliados de la Liga del Peloponeso. Otros (cf. A. W. GOMME, _op. cit._ I, págs. 224-225), en cambio, interpretan «privadamente, no oficialmente, no _dēmosíāi_». Es decir, Corinto todavía no estaría en guerra oficialmente con Atenas (en una situación similar a la de después de la batalla de Síbota; cf. *supra*, I 53, 1). Si las tropas corintias hubieran sido enviadas oficialmente por la ciudad para ayudar a sus aliados calcideos, esto hubiera significado ciertamente la guerra, al menos entre Atenas y Corinto. El principal argumento en favor de esta interpretación es que las tropas de Aristeo eran «voluntarios del mismo Corinto y mercenarios del resto del Peloponeso» (cf. *supra*, I 60, 1). Se trataría, pues, de «voluntarios», sin que la intervención de Corinto fuera «oficial». A eso se pone la objeción de algunas frases de 1 60, 1-2 (los corintios envían la expedición y ponen al frente a un corintio prestigioso), que se interpretan como signo de un carácter oficial. 


=== 2025-05-13T22:13:34.132458 ===
Archivo: _index.md
Línea 722:
- 380. No se trata de una convocatoria formal de todos los aliados de la Liga del Peloponeso, lo que constituía un privilegio de Esparta (cf. _infra_, 1 87, 4). Aquí Corinto tomó la iniciativa de convocar a los aliados más próximos a ellos, o más interesados en una actuación contra Atenas, a una reunión en Esparta para plantear la situación. Luego (cf. infra, 3) los lacedemonios citan a los demás aliados que quieran formular alguna queja contra Atenas para que la expongan en su asamblea ordinaria (la _apélla_). Esparta quiere primero informarse y asegurarse. Finalmente (cf. _infra_, I 119), convocarán un verdadero congreso de todos los aliados de la Liga del Peloponeso.
+ 380. No se trata de una convocatoria formal de todos los aliados de la Liga del Peloponeso, lo que constituía un privilegio de Esparta (cf. _infra_, 1 87, 4). Aquí Corinto tomó la iniciativa de convocar a los aliados más próximos a ellos, o más interesados en una actuación contra Atenas, a una reunión en Esparta para plantear la situación. Luego (cf. *infra*, 3) los lacedemonios citan a los demás aliados que quieran formular alguna queja contra Atenas para que la expongan en su asamblea ordinaria (la _apélla_). Esparta quiere primero informarse y asegurarse. Finalmente (cf. _infra_, I 119), convocarán un verdadero congreso de todos los aliados de la Liga del Peloponeso.

Línea 724:
- 382. El tratado de paz de treinta años (cf. _infra_, l 115, 1), al que normalmente se alude en pasajes referidos a esta época, o el tratado por el que Egina se convertía en un miembro de la Liga de Delos (cf. nota precedente). Si se trata del primero, debía de contener alguna cláusula especial relativa a Egina de la que no tenemos noticia, Sería posible, sin embargo, que se refiriera al tratado bilateral entre Atenas y Egina que puso fin a la guerra que sostenían. La autonomía de Egina, como otras, era una independencia limitada por las condiciones impuestas por Atenas. Normalmente, el término «autonomía» indica una independencia limitada por las obligaciones derivadas de la pertenencia a una alianza o por las condiciones impuestas en un tratado (cf. infra, 1 144, 2, n. 936), aunque en algún caso pueda referirse a una independencia completa (cf. _infra_, 1 113, 4).
+ 382. El tratado de paz de treinta años (cf. _infra_, l 115, 1), al que normalmente se alude en pasajes referidos a esta época, o el tratado por el que Egina se convertía en un miembro de la Liga de Delos (cf. nota precedente). Si se trata del primero, debía de contener alguna cláusula especial relativa a Egina de la que no tenemos noticia, Sería posible, sin embargo, que se refiriera al tratado bilateral entre Atenas y Egina que puso fin a la guerra que sostenían. La autonomía de Egina, como otras, era una independencia limitada por las condiciones impuestas por Atenas. Normalmente, el término «autonomía» indica una independencia limitada por las obligaciones derivadas de la pertenencia a una alianza o por las condiciones impuestas en un tratado (cf. *infra*, 1 144, 2, n. 936), aunque en algún caso pueda referirse a una independencia completa (cf. _infra_, 1 113, 4).

Línea 756:
- Eubea (I, 114) y el de Potidea (cf, supra, I 58, 1; infra, I 71, 4).
+ Eubea (I, 114) y el de Potidea (cf, *supra*, I 58, 1; *infra*, I 71, 4).


