=== 2025-05-14T21:09:44.399639 ===
Archivo: _index.md

=== Total de modificaciones ===
- Frases latinas corregidas: 1
- Palabras con superíndice: 5
- Total general: 6


=== Conversiones a superíndice ===
- cetro66: 1 vez/veces
- Grecia91: 1 vez/veces
- Halis118: 1 vez/veces
- siguiente476: 1 vez/veces
- Peloponeso479: 1 vez/veces

=== Total de modificaciones ===
- Frases latinas corregidas: 1
- Palabras con superíndice: 5
- Total general: 6

=== 2025-05-14T21:56:26.132672 ===
Archivo: _index.md

=== Total de modificaciones ===
- Frases latinas corregidas: 342
- Palabras con superíndice: 3
- Total general: 345


=== Conversiones a superíndice ===
- grande487: 1 vez/veces
- Tebas488: 1 vez/veces
- Temístocles489: 1 vez/veces

=== Total de modificaciones ===
- Frases latinas corregidas: 342
- Palabras con superíndice: 3
- Total general: 345

